<?xml version="1.0" encoding="UTF-8"?>
<!-- Generated by org.testng.reporters.JUnitReportReporter -->
<testsuite skipped="0" hostname="MBA020423.local" name="testrunner.CMPlusWebTestRunner" tests="1" failures="0" timestamp="2022-09-09T14:08:35 ICT" time="9.365" errors="0">
  <testcase name="runScenario" time="9.365" classname="testrunner.CMPlusWebTestRunner"/>
  <system-out/>
</testsuite> <!-- testrunner.CMPlusWebTestRunner -->
