<?xml version="1.0" encoding="UTF-8"?>
<!-- Generated by org.testng.reporters.JUnitReportReporter -->
<testsuite skipped="0" hostname="MBA020423.local" name="testrunner.CMPlusWebTestRunner" tests="1" failures="0" timestamp="2022-08-12T16:57:04 ICT" time="33.518" errors="0">
  <testcase name="runScenario" time="33.518" classname="testrunner.CMPlusWebTestRunner"/>
  <system-out/>
</testsuite> <!-- testrunner.CMPlusWebTestRunner -->
