<?xml version="1.0" encoding="UTF-8"?>
<testsuite xmlns:xsi="http://www.w3.org/2001/XMLSchema-instance" xsi:noNamespaceSchemaLocation="https://maven.apache.org/surefire/maven-surefire-plugin/xsd/surefire-test-report-3.0.xsd" version="3.0" name="TestSuite" time="18.422" tests="1" errors="0" skipped="0" failures="0">
  <properties>
    <property name="gopherProxySet" value="false"/>
    <property name="awt.toolkit" value="sun.lwawt.macosx.LWCToolkit"/>
    <property name="file.encoding.pkg" value="sun.io"/>
    <property name="java.specification.version" value="1.8"/>
    <property name="sun.cpu.isalist" value=""/>
    <property name="sun.jnu.encoding" value="UTF-8"/>
    <property name="java.class.path" value="/Users/hung.nguyen3/AutoAppium/IdeaProjects/KentAutoPR/KT/target/test-classes:/Users/hung.nguyen3/AutoAppium/IdeaProjects/KentAutoPR/KT/target/classes:/Users/hung.nguyen3/AutoAppium/IdeaProjects/KentAutoPR/Core/target/Core-1.0.0.jar:/Users/hung.nguyen3/.m2/repository/com/squareup/retrofit2/retrofit/2.9.0/retrofit-2.9.0.jar:/Users/hung.nguyen3/.m2/repository/com/squareup/okhttp3/okhttp/3.14.9/okhttp-3.14.9.jar:/Users/hung.nguyen3/.m2/repository/com/squareup/okio/okio/1.17.2/okio-1.17.2.jar:/Users/hung.nguyen3/.m2/repository/com/google/api-client/google-api-client/1.32.1/google-api-client-1.32.1.jar:/Users/hung.nguyen3/.m2/repository/com/google/oauth-client/google-oauth-client/1.31.5/google-oauth-client-1.31.5.jar:/Users/hung.nguyen3/.m2/repository/com/google/http-client/google-http-client-gson/1.39.2/google-http-client-gson-1.39.2.jar:/Users/hung.nguyen3/.m2/repository/com/google/http-client/google-http-client-apache-v2/1.39.2/google-http-client-apache-v2-1.39.2.jar:/Users/hung.nguyen3/.m2/repository/org/apache/httpcomponents/httpcore/4.4.14/httpcore-4.4.14.jar:/Users/hung.nguyen3/.m2/repository/org/apache/httpcomponents/httpclient/4.5.13/httpclient-4.5.13.jar:/Users/hung.nguyen3/.m2/repository/commons-logging/commons-logging/1.2/commons-logging-1.2.jar:/Users/hung.nguyen3/.m2/repository/commons-codec/commons-codec/1.11/commons-codec-1.11.jar:/Users/hung.nguyen3/.m2/repository/com/google/http-client/google-http-client/1.39.2/google-http-client-1.39.2.jar:/Users/hung.nguyen3/.m2/repository/io/opencensus/opencensus-api/0.28.0/opencensus-api-0.28.0.jar:/Users/hung.nguyen3/.m2/repository/io/grpc/grpc-context/1.27.2/grpc-context-1.27.2.jar:/Users/hung.nguyen3/.m2/repository/io/opencensus/opencensus-contrib-http-util/0.28.0/opencensus-contrib-http-util-0.28.0.jar:/Users/hung.nguyen3/.m2/repository/com/google/apis/google-api-services-drive/v3-rev197-1.25.0/google-api-services-drive-v3-rev197-1.25.0.jar:/Users/hung.nguyen3/.m2/repository/io/github/bonigarcia/webdrivermanager/4.4.1/webdrivermanager-4.4.1.jar:/Users/hung.nguyen3/.m2/repository/commons-io/commons-io/2.8.0/commons-io-2.8.0.jar:/Users/hung.nguyen3/.m2/repository/org/apache/commons/commons-lang3/3.12.0/commons-lang3-3.12.0.jar:/Users/hung.nguyen3/.m2/repository/org/apache/httpcomponents/client5/httpclient5/5.0.3/httpclient5-5.0.3.jar:/Users/hung.nguyen3/.m2/repository/org/apache/httpcomponents/core5/httpcore5/5.0.2/httpcore5-5.0.2.jar:/Users/hung.nguyen3/.m2/repository/org/apache/httpcomponents/core5/httpcore5-h2/5.0.2/httpcore5-h2-5.0.2.jar:/Users/hung.nguyen3/.m2/repository/org/rauschig/jarchivelib/1.1.0/jarchivelib-1.1.0.jar:/Users/hung.nguyen3/.m2/repository/org/apache/commons/commons-compress/1.20/commons-compress-1.20.jar:/Users/hung.nguyen3/.m2/repository/io/cucumber/cucumber-java8/6.10.3/cucumber-java8-6.10.3.jar:/Users/hung.nguyen3/.m2/repository/io/cucumber/cucumber-core/6.10.3/cucumber-core-6.10.3.jar:/Users/hung.nguyen3/.m2/repository/io/cucumber/cucumber-gherkin/6.10.3/cucumber-gherkin-6.10.3.jar:/Users/hung.nguyen3/.m2/repository/io/cucumber/cucumber-gherkin-messages/6.10.3/cucumber-gherkin-messages-6.10.3.jar:/Users/hung.nguyen3/.m2/repository/io/cucumber/messages/15.0.0/messages-15.0.0.jar:/Users/hung.nguyen3/.m2/repository/io/cucumber/tag-expressions/3.0.1/tag-expressions-3.0.1.jar:/Users/hung.nguyen3/.m2/repository/io/cucumber/cucumber-expressions/10.3.0/cucumber-expressions-10.3.0.jar:/Users/hung.nguyen3/.m2/repository/io/cucumber/datatable/3.5.0/datatable-3.5.0.jar:/Users/hung.nguyen3/.m2/repository/io/cucumber/cucumber-plugin/6.10.3/cucumber-plugin-6.10.3.jar:/Users/hung.nguyen3/.m2/repository/io/cucumber/docstring/6.10.3/docstring-6.10.3.jar:/Users/hung.nguyen3/.m2/repository/io/cucumber/html-formatter/13.0.0/html-formatter-13.0.0.jar:/Users/hung.nguyen3/.m2/repository/io/cucumber/create-meta/4.0.0/create-meta-4.0.0.jar:/Users/hung.nguyen3/.m2/repository/org/apiguardian/apiguardian-api/1.1.1/apiguardian-api-1.1.1.jar:/Users/hung.nguyen3/.m2/repository/net/jodah/typetools/0.6.3/typetools-0.6.3.jar:/Users/hung.nguyen3/.m2/repository/io/cucumber/cucumber-jvm-deps/1.0.6/cucumber-jvm-deps-1.0.6.jar:/Users/hung.nguyen3/.m2/repository/io/cucumber/cucumber-testng/6.10.3/cucumber-testng-6.10.3.jar:/Users/hung.nguyen3/.m2/repository/net/masterthought/cucumber-reporting/3.8.0/cucumber-reporting-3.8.0.jar:/Users/hung.nguyen3/.m2/repository/org/apache/logging/log4j/log4j-api/2.6/log4j-api-2.6.jar:/Users/hung.nguyen3/.m2/repository/org/apache/logging/log4j/log4j-core/2.6/log4j-core-2.6.jar:/Users/hung.nguyen3/.m2/repository/com/fasterxml/jackson/core/jackson-databind/2.8.5/jackson-databind-2.8.5.jar:/Users/hung.nguyen3/.m2/repository/com/fasterxml/jackson/core/jackson-annotations/2.8.0/jackson-annotations-2.8.0.jar:/Users/hung.nguyen3/.m2/repository/org/apache/velocity/velocity/1.7/velocity-1.7.jar:/Users/hung.nguyen3/.m2/repository/commons-collections/commons-collections/3.2.1/commons-collections-3.2.1.jar:/Users/hung.nguyen3/.m2/repository/commons-lang/commons-lang/2.4/commons-lang-2.4.jar:/Users/hung.nguyen3/.m2/repository/velocity-tools/velocity-tools/1.4/velocity-tools-1.4.jar:/Users/hung.nguyen3/.m2/repository/joda-time/joda-time/2.9.6/joda-time-2.9.6.jar:/Users/hung.nguyen3/.m2/repository/net/lingala/zip4j/zip4j/1.3.2/zip4j-1.3.2.jar:/Users/hung.nguyen3/.m2/repository/org/codehaus/plexus/plexus-utils/3.0.24/plexus-utils-3.0.24.jar:/Users/hung.nguyen3/.m2/repository/com/googlecode/owasp-java-html-sanitizer/owasp-java-html-sanitizer/20160924.1/owasp-java-html-sanitizer-20160924.1.jar:/Users/hung.nguyen3/.m2/repository/org/testng/testng/7.4.0/testng-7.4.0.jar:/Users/hung.nguyen3/.m2/repository/com/beust/jcommander/1.78/jcommander-1.78.jar:/Users/hung.nguyen3/.m2/repository/org/webjars/jquery/3.5.1/jquery-3.5.1.jar:/Users/hung.nguyen3/.m2/repository/org/slf4j/slf4j-api/1.8.0-beta4/slf4j-api-1.8.0-beta4.jar:/Users/hung.nguyen3/.m2/repository/org/slf4j/slf4j-simple/1.8.0-beta4/slf4j-simple-1.8.0-beta4.jar:/Users/hung.nguyen3/.m2/repository/com/googlecode/json-simple/json-simple/1.1.1/json-simple-1.1.1.jar:/Users/hung.nguyen3/.m2/repository/junit/junit/4.10/junit-4.10.jar:/Users/hung.nguyen3/.m2/repository/org/hamcrest/hamcrest-core/1.1/hamcrest-core-1.1.jar:/Users/hung.nguyen3/.m2/repository/com/google/code/gson/gson/2.8.9/gson-2.8.9.jar:/Users/hung.nguyen3/.m2/repository/com/squareup/retrofit2/converter-gson/2.9.0/converter-gson-2.9.0.jar:/Users/hung.nguyen3/.m2/repository/io/appium/java-client/7.5.1/java-client-7.5.1.jar:/Users/hung.nguyen3/.m2/repository/org/seleniumhq/selenium/selenium-java/3.141.59/selenium-java-3.141.59.jar:/Users/hung.nguyen3/.m2/repository/org/seleniumhq/selenium/selenium-chrome-driver/3.141.59/selenium-chrome-driver-3.141.59.jar:/Users/hung.nguyen3/.m2/repository/org/seleniumhq/selenium/selenium-edge-driver/3.141.59/selenium-edge-driver-3.141.59.jar:/Users/hung.nguyen3/.m2/repository/org/seleniumhq/selenium/selenium-firefox-driver/3.141.59/selenium-firefox-driver-3.141.59.jar:/Users/hung.nguyen3/.m2/repository/org/seleniumhq/selenium/selenium-ie-driver/3.141.59/selenium-ie-driver-3.141.59.jar:/Users/hung.nguyen3/.m2/repository/org/seleniumhq/selenium/selenium-opera-driver/3.141.59/selenium-opera-driver-3.141.59.jar:/Users/hung.nguyen3/.m2/repository/org/seleniumhq/selenium/selenium-remote-driver/3.141.59/selenium-remote-driver-3.141.59.jar:/Users/hung.nguyen3/.m2/repository/org/seleniumhq/selenium/selenium-safari-driver/3.141.59/selenium-safari-driver-3.141.59.jar:/Users/hung.nguyen3/.m2/repository/net/bytebuddy/byte-buddy/1.8.15/byte-buddy-1.8.15.jar:/Users/hung.nguyen3/.m2/repository/org/apache/commons/commons-exec/1.3/commons-exec-1.3.jar:/Users/hung.nguyen3/.m2/repository/org/seleniumhq/selenium/selenium-support/3.141.59/selenium-support-3.141.59.jar:/Users/hung.nguyen3/.m2/repository/org/seleniumhq/selenium/selenium-api/3.141.59/selenium-api-3.141.59.jar:/Users/hung.nguyen3/.m2/repository/cglib/cglib/3.3.0/cglib-3.3.0.jar:/Users/hung.nguyen3/.m2/repository/org/ow2/asm/asm/7.1/asm-7.1.jar:/Users/hung.nguyen3/.m2/repository/commons-validator/commons-validator/1.7/commons-validator-1.7.jar:/Users/hung.nguyen3/.m2/repository/commons-beanutils/commons-beanutils/1.9.4/commons-beanutils-1.9.4.jar:/Users/hung.nguyen3/.m2/repository/commons-digester/commons-digester/2.1/commons-digester-2.1.jar:/Users/hung.nguyen3/.m2/repository/org/springframework/spring-context/5.3.4/spring-context-5.3.4.jar:/Users/hung.nguyen3/.m2/repository/org/springframework/spring-aop/5.3.4/spring-aop-5.3.4.jar:/Users/hung.nguyen3/.m2/repository/org/springframework/spring-beans/5.3.4/spring-beans-5.3.4.jar:/Users/hung.nguyen3/.m2/repository/org/springframework/spring-expression/5.3.4/spring-expression-5.3.4.jar:/Users/hung.nguyen3/.m2/repository/org/aspectj/aspectjweaver/1.9.6/aspectjweaver-1.9.6.jar:/Users/hung.nguyen3/.m2/repository/com/google/guava/guava/30.1.1-jre/guava-30.1.1-jre.jar:/Users/hung.nguyen3/.m2/repository/com/google/guava/failureaccess/1.0.1/failureaccess-1.0.1.jar:/Users/hung.nguyen3/.m2/repository/com/google/guava/listenablefuture/9999.0-empty-to-avoid-conflict-with-guava/listenablefuture-9999.0-empty-to-avoid-conflict-with-guava.jar:/Users/hung.nguyen3/.m2/repository/com/google/code/findbugs/jsr305/3.0.2/jsr305-3.0.2.jar:/Users/hung.nguyen3/.m2/repository/org/checkerframework/checker-qual/3.8.0/checker-qual-3.8.0.jar:/Users/hung.nguyen3/.m2/repository/com/google/errorprone/error_prone_annotations/2.5.1/error_prone_annotations-2.5.1.jar:/Users/hung.nguyen3/.m2/repository/com/google/j2objc/j2objc-annotations/1.3/j2objc-annotations-1.3.jar:/Users/hung.nguyen3/.m2/repository/com/google/apis/google-api-services-gmail/v1-rev110-1.25.0/google-api-services-gmail-v1-rev110-1.25.0.jar:/Users/hung.nguyen3/.m2/repository/org/jsoup/jsoup/1.14.2/jsoup-1.14.2.jar:/Users/hung.nguyen3/.m2/repository/org/json/json/20210307/json-20210307.jar:/Users/hung.nguyen3/.m2/repository/com/google/apis/google-api-services-sheets/v4-rev612-1.25.0/google-api-services-sheets-v4-rev612-1.25.0.jar:/Users/hung.nguyen3/.m2/repository/com/google/http-client/google-http-client-jackson2/1.23.0/google-http-client-jackson2-1.23.0.jar:/Users/hung.nguyen3/.m2/repository/com/fasterxml/jackson/core/jackson-core/2.1.3/jackson-core-2.1.3.jar:/Users/hung.nguyen3/.m2/repository/org/jetbrains/kotlin/kotlin-stdlib-jdk8/1.6.21/kotlin-stdlib-jdk8-1.6.21.jar:/Users/hung.nguyen3/.m2/repository/org/jetbrains/kotlin/kotlin-stdlib/1.6.21/kotlin-stdlib-1.6.21.jar:/Users/hung.nguyen3/.m2/repository/org/jetbrains/kotlin/kotlin-stdlib-common/1.6.21/kotlin-stdlib-common-1.6.21.jar:/Users/hung.nguyen3/.m2/repository/org/jetbrains/annotations/13.0/annotations-13.0.jar:/Users/hung.nguyen3/.m2/repository/org/jetbrains/kotlin/kotlin-stdlib-jdk7/1.6.21/kotlin-stdlib-jdk7-1.6.21.jar:/Users/hung.nguyen3/.m2/repository/org/jetbrains/kotlin/kotlin-test/1.6.21/kotlin-test-1.6.21.jar:"/>
    <property name="java.vm.vendor" value="Oracle Corporation"/>
    <property name="sun.arch.data.model" value="64"/>
    <property name="java.vendor.url" value="http://java.oracle.com/"/>
    <property name="user.timezone" value="Asia/Ho_Chi_Minh"/>
    <property name="suiteXmlFile" value="selenium/ChromeSuite"/>
    <property name="java.vm.specification.version" value="1.8"/>
    <property name="os.name" value="Mac OS X"/>
    <property name="user.country" value="US"/>
    <property name="sun.java.launcher" value="SUN_STANDARD"/>
    <property name="sun.boot.library.path" value="/Library/Java/JavaVirtualMachines/jdk1.8.0_311.jdk/Contents/Home/jre/lib"/>
    <property name="sun.java.command" value="/Users/hung.nguyen3/AutoAppium/IdeaProjects/KentAutoPR/KT/target/surefire/surefirebooter1963372986328197254.jar /Users/hung.nguyen3/AutoAppium/IdeaProjects/KentAutoPR/KT/target/surefire 2022-08-12T17-00-21_696-jvmRun1 surefire2750256333072394512tmp surefire_06491483082218701583tmp"/>
    <property name="http.nonProxyHosts" value="local|*.local|169.254/16|*.169.254/16"/>
    <property name="surefire.test.class.path" value="/Users/hung.nguyen3/AutoAppium/IdeaProjects/KentAutoPR/KT/target/test-classes:/Users/hung.nguyen3/AutoAppium/IdeaProjects/KentAutoPR/KT/target/classes:/Users/hung.nguyen3/AutoAppium/IdeaProjects/KentAutoPR/Core/target/Core-1.0.0.jar:/Users/hung.nguyen3/.m2/repository/com/squareup/retrofit2/retrofit/2.9.0/retrofit-2.9.0.jar:/Users/hung.nguyen3/.m2/repository/com/squareup/okhttp3/okhttp/3.14.9/okhttp-3.14.9.jar:/Users/hung.nguyen3/.m2/repository/com/squareup/okio/okio/1.17.2/okio-1.17.2.jar:/Users/hung.nguyen3/.m2/repository/com/google/api-client/google-api-client/1.32.1/google-api-client-1.32.1.jar:/Users/hung.nguyen3/.m2/repository/com/google/oauth-client/google-oauth-client/1.31.5/google-oauth-client-1.31.5.jar:/Users/hung.nguyen3/.m2/repository/com/google/http-client/google-http-client-gson/1.39.2/google-http-client-gson-1.39.2.jar:/Users/hung.nguyen3/.m2/repository/com/google/http-client/google-http-client-apache-v2/1.39.2/google-http-client-apache-v2-1.39.2.jar:/Users/hung.nguyen3/.m2/repository/org/apache/httpcomponents/httpcore/4.4.14/httpcore-4.4.14.jar:/Users/hung.nguyen3/.m2/repository/org/apache/httpcomponents/httpclient/4.5.13/httpclient-4.5.13.jar:/Users/hung.nguyen3/.m2/repository/commons-logging/commons-logging/1.2/commons-logging-1.2.jar:/Users/hung.nguyen3/.m2/repository/commons-codec/commons-codec/1.11/commons-codec-1.11.jar:/Users/hung.nguyen3/.m2/repository/com/google/http-client/google-http-client/1.39.2/google-http-client-1.39.2.jar:/Users/hung.nguyen3/.m2/repository/io/opencensus/opencensus-api/0.28.0/opencensus-api-0.28.0.jar:/Users/hung.nguyen3/.m2/repository/io/grpc/grpc-context/1.27.2/grpc-context-1.27.2.jar:/Users/hung.nguyen3/.m2/repository/io/opencensus/opencensus-contrib-http-util/0.28.0/opencensus-contrib-http-util-0.28.0.jar:/Users/hung.nguyen3/.m2/repository/com/google/apis/google-api-services-drive/v3-rev197-1.25.0/google-api-services-drive-v3-rev197-1.25.0.jar:/Users/hung.nguyen3/.m2/repository/io/github/bonigarcia/webdrivermanager/4.4.1/webdrivermanager-4.4.1.jar:/Users/hung.nguyen3/.m2/repository/commons-io/commons-io/2.8.0/commons-io-2.8.0.jar:/Users/hung.nguyen3/.m2/repository/org/apache/commons/commons-lang3/3.12.0/commons-lang3-3.12.0.jar:/Users/hung.nguyen3/.m2/repository/org/apache/httpcomponents/client5/httpclient5/5.0.3/httpclient5-5.0.3.jar:/Users/hung.nguyen3/.m2/repository/org/apache/httpcomponents/core5/httpcore5/5.0.2/httpcore5-5.0.2.jar:/Users/hung.nguyen3/.m2/repository/org/apache/httpcomponents/core5/httpcore5-h2/5.0.2/httpcore5-h2-5.0.2.jar:/Users/hung.nguyen3/.m2/repository/org/rauschig/jarchivelib/1.1.0/jarchivelib-1.1.0.jar:/Users/hung.nguyen3/.m2/repository/org/apache/commons/commons-compress/1.20/commons-compress-1.20.jar:/Users/hung.nguyen3/.m2/repository/io/cucumber/cucumber-java8/6.10.3/cucumber-java8-6.10.3.jar:/Users/hung.nguyen3/.m2/repository/io/cucumber/cucumber-core/6.10.3/cucumber-core-6.10.3.jar:/Users/hung.nguyen3/.m2/repository/io/cucumber/cucumber-gherkin/6.10.3/cucumber-gherkin-6.10.3.jar:/Users/hung.nguyen3/.m2/repository/io/cucumber/cucumber-gherkin-messages/6.10.3/cucumber-gherkin-messages-6.10.3.jar:/Users/hung.nguyen3/.m2/repository/io/cucumber/messages/15.0.0/messages-15.0.0.jar:/Users/hung.nguyen3/.m2/repository/io/cucumber/tag-expressions/3.0.1/tag-expressions-3.0.1.jar:/Users/hung.nguyen3/.m2/repository/io/cucumber/cucumber-expressions/10.3.0/cucumber-expressions-10.3.0.jar:/Users/hung.nguyen3/.m2/repository/io/cucumber/datatable/3.5.0/datatable-3.5.0.jar:/Users/hung.nguyen3/.m2/repository/io/cucumber/cucumber-plugin/6.10.3/cucumber-plugin-6.10.3.jar:/Users/hung.nguyen3/.m2/repository/io/cucumber/docstring/6.10.3/docstring-6.10.3.jar:/Users/hung.nguyen3/.m2/repository/io/cucumber/html-formatter/13.0.0/html-formatter-13.0.0.jar:/Users/hung.nguyen3/.m2/repository/io/cucumber/create-meta/4.0.0/create-meta-4.0.0.jar:/Users/hung.nguyen3/.m2/repository/org/apiguardian/apiguardian-api/1.1.1/apiguardian-api-1.1.1.jar:/Users/hung.nguyen3/.m2/repository/net/jodah/typetools/0.6.3/typetools-0.6.3.jar:/Users/hung.nguyen3/.m2/repository/io/cucumber/cucumber-jvm-deps/1.0.6/cucumber-jvm-deps-1.0.6.jar:/Users/hung.nguyen3/.m2/repository/io/cucumber/cucumber-testng/6.10.3/cucumber-testng-6.10.3.jar:/Users/hung.nguyen3/.m2/repository/net/masterthought/cucumber-reporting/3.8.0/cucumber-reporting-3.8.0.jar:/Users/hung.nguyen3/.m2/repository/org/apache/logging/log4j/log4j-api/2.6/log4j-api-2.6.jar:/Users/hung.nguyen3/.m2/repository/org/apache/logging/log4j/log4j-core/2.6/log4j-core-2.6.jar:/Users/hung.nguyen3/.m2/repository/com/fasterxml/jackson/core/jackson-databind/2.8.5/jackson-databind-2.8.5.jar:/Users/hung.nguyen3/.m2/repository/com/fasterxml/jackson/core/jackson-annotations/2.8.0/jackson-annotations-2.8.0.jar:/Users/hung.nguyen3/.m2/repository/org/apache/velocity/velocity/1.7/velocity-1.7.jar:/Users/hung.nguyen3/.m2/repository/commons-collections/commons-collections/3.2.1/commons-collections-3.2.1.jar:/Users/hung.nguyen3/.m2/repository/commons-lang/commons-lang/2.4/commons-lang-2.4.jar:/Users/hung.nguyen3/.m2/repository/velocity-tools/velocity-tools/1.4/velocity-tools-1.4.jar:/Users/hung.nguyen3/.m2/repository/joda-time/joda-time/2.9.6/joda-time-2.9.6.jar:/Users/hung.nguyen3/.m2/repository/net/lingala/zip4j/zip4j/1.3.2/zip4j-1.3.2.jar:/Users/hung.nguyen3/.m2/repository/org/codehaus/plexus/plexus-utils/3.0.24/plexus-utils-3.0.24.jar:/Users/hung.nguyen3/.m2/repository/com/googlecode/owasp-java-html-sanitizer/owasp-java-html-sanitizer/20160924.1/owasp-java-html-sanitizer-20160924.1.jar:/Users/hung.nguyen3/.m2/repository/org/testng/testng/7.4.0/testng-7.4.0.jar:/Users/hung.nguyen3/.m2/repository/com/beust/jcommander/1.78/jcommander-1.78.jar:/Users/hung.nguyen3/.m2/repository/org/webjars/jquery/3.5.1/jquery-3.5.1.jar:/Users/hung.nguyen3/.m2/repository/org/slf4j/slf4j-api/1.8.0-beta4/slf4j-api-1.8.0-beta4.jar:/Users/hung.nguyen3/.m2/repository/org/slf4j/slf4j-simple/1.8.0-beta4/slf4j-simple-1.8.0-beta4.jar:/Users/hung.nguyen3/.m2/repository/com/googlecode/json-simple/json-simple/1.1.1/json-simple-1.1.1.jar:/Users/hung.nguyen3/.m2/repository/junit/junit/4.10/junit-4.10.jar:/Users/hung.nguyen3/.m2/repository/org/hamcrest/hamcrest-core/1.1/hamcrest-core-1.1.jar:/Users/hung.nguyen3/.m2/repository/com/google/code/gson/gson/2.8.9/gson-2.8.9.jar:/Users/hung.nguyen3/.m2/repository/com/squareup/retrofit2/converter-gson/2.9.0/converter-gson-2.9.0.jar:/Users/hung.nguyen3/.m2/repository/io/appium/java-client/7.5.1/java-client-7.5.1.jar:/Users/hung.nguyen3/.m2/repository/org/seleniumhq/selenium/selenium-java/3.141.59/selenium-java-3.141.59.jar:/Users/hung.nguyen3/.m2/repository/org/seleniumhq/selenium/selenium-chrome-driver/3.141.59/selenium-chrome-driver-3.141.59.jar:/Users/hung.nguyen3/.m2/repository/org/seleniumhq/selenium/selenium-edge-driver/3.141.59/selenium-edge-driver-3.141.59.jar:/Users/hung.nguyen3/.m2/repository/org/seleniumhq/selenium/selenium-firefox-driver/3.141.59/selenium-firefox-driver-3.141.59.jar:/Users/hung.nguyen3/.m2/repository/org/seleniumhq/selenium/selenium-ie-driver/3.141.59/selenium-ie-driver-3.141.59.jar:/Users/hung.nguyen3/.m2/repository/org/seleniumhq/selenium/selenium-opera-driver/3.141.59/selenium-opera-driver-3.141.59.jar:/Users/hung.nguyen3/.m2/repository/org/seleniumhq/selenium/selenium-remote-driver/3.141.59/selenium-remote-driver-3.141.59.jar:/Users/hung.nguyen3/.m2/repository/org/seleniumhq/selenium/selenium-safari-driver/3.141.59/selenium-safari-driver-3.141.59.jar:/Users/hung.nguyen3/.m2/repository/net/bytebuddy/byte-buddy/1.8.15/byte-buddy-1.8.15.jar:/Users/hung.nguyen3/.m2/repository/org/apache/commons/commons-exec/1.3/commons-exec-1.3.jar:/Users/hung.nguyen3/.m2/repository/org/seleniumhq/selenium/selenium-support/3.141.59/selenium-support-3.141.59.jar:/Users/hung.nguyen3/.m2/repository/org/seleniumhq/selenium/selenium-api/3.141.59/selenium-api-3.141.59.jar:/Users/hung.nguyen3/.m2/repository/cglib/cglib/3.3.0/cglib-3.3.0.jar:/Users/hung.nguyen3/.m2/repository/org/ow2/asm/asm/7.1/asm-7.1.jar:/Users/hung.nguyen3/.m2/repository/commons-validator/commons-validator/1.7/commons-validator-1.7.jar:/Users/hung.nguyen3/.m2/repository/commons-beanutils/commons-beanutils/1.9.4/commons-beanutils-1.9.4.jar:/Users/hung.nguyen3/.m2/repository/commons-digester/commons-digester/2.1/commons-digester-2.1.jar:/Users/hung.nguyen3/.m2/repository/org/springframework/spring-context/5.3.4/spring-context-5.3.4.jar:/Users/hung.nguyen3/.m2/repository/org/springframework/spring-aop/5.3.4/spring-aop-5.3.4.jar:/Users/hung.nguyen3/.m2/repository/org/springframework/spring-beans/5.3.4/spring-beans-5.3.4.jar:/Users/hung.nguyen3/.m2/repository/org/springframework/spring-expression/5.3.4/spring-expression-5.3.4.jar:/Users/hung.nguyen3/.m2/repository/org/aspectj/aspectjweaver/1.9.6/aspectjweaver-1.9.6.jar:/Users/hung.nguyen3/.m2/repository/com/google/guava/guava/30.1.1-jre/guava-30.1.1-jre.jar:/Users/hung.nguyen3/.m2/repository/com/google/guava/failureaccess/1.0.1/failureaccess-1.0.1.jar:/Users/hung.nguyen3/.m2/repository/com/google/guava/listenablefuture/9999.0-empty-to-avoid-conflict-with-guava/listenablefuture-9999.0-empty-to-avoid-conflict-with-guava.jar:/Users/hung.nguyen3/.m2/repository/com/google/code/findbugs/jsr305/3.0.2/jsr305-3.0.2.jar:/Users/hung.nguyen3/.m2/repository/org/checkerframework/checker-qual/3.8.0/checker-qual-3.8.0.jar:/Users/hung.nguyen3/.m2/repository/com/google/errorprone/error_prone_annotations/2.5.1/error_prone_annotations-2.5.1.jar:/Users/hung.nguyen3/.m2/repository/com/google/j2objc/j2objc-annotations/1.3/j2objc-annotations-1.3.jar:/Users/hung.nguyen3/.m2/repository/com/google/apis/google-api-services-gmail/v1-rev110-1.25.0/google-api-services-gmail-v1-rev110-1.25.0.jar:/Users/hung.nguyen3/.m2/repository/org/jsoup/jsoup/1.14.2/jsoup-1.14.2.jar:/Users/hung.nguyen3/.m2/repository/org/json/json/20210307/json-20210307.jar:/Users/hung.nguyen3/.m2/repository/com/google/apis/google-api-services-sheets/v4-rev612-1.25.0/google-api-services-sheets-v4-rev612-1.25.0.jar:/Users/hung.nguyen3/.m2/repository/com/google/http-client/google-http-client-jackson2/1.23.0/google-http-client-jackson2-1.23.0.jar:/Users/hung.nguyen3/.m2/repository/com/fasterxml/jackson/core/jackson-core/2.1.3/jackson-core-2.1.3.jar:/Users/hung.nguyen3/.m2/repository/org/jetbrains/kotlin/kotlin-stdlib-jdk8/1.6.21/kotlin-stdlib-jdk8-1.6.21.jar:/Users/hung.nguyen3/.m2/repository/org/jetbrains/kotlin/kotlin-stdlib/1.6.21/kotlin-stdlib-1.6.21.jar:/Users/hung.nguyen3/.m2/repository/org/jetbrains/kotlin/kotlin-stdlib-common/1.6.21/kotlin-stdlib-common-1.6.21.jar:/Users/hung.nguyen3/.m2/repository/org/jetbrains/annotations/13.0/annotations-13.0.jar:/Users/hung.nguyen3/.m2/repository/org/jetbrains/kotlin/kotlin-stdlib-jdk7/1.6.21/kotlin-stdlib-jdk7-1.6.21.jar:/Users/hung.nguyen3/.m2/repository/org/jetbrains/kotlin/kotlin-test/1.6.21/kotlin-test-1.6.21.jar:"/>
    <property name="sun.cpu.endian" value="little"/>
    <property name="user.home" value="/Users/hung.nguyen3"/>
    <property name="user.language" value="en"/>
    <property name="java.specification.vendor" value="Oracle Corporation"/>
    <property name="java.home" value="/Library/Java/JavaVirtualMachines/jdk1.8.0_311.jdk/Contents/Home/jre"/>
    <property name="basedir" value="/Users/hung.nguyen3/AutoAppium/IdeaProjects/KentAutoPR/KT"/>
    <property name="file.separator" value="/"/>
    <property name="line.separator" value="&#10;"/>
    <property name="java.vm.specification.vendor" value="Oracle Corporation"/>
    <property name="java.specification.name" value="Java Platform API Specification"/>
    <property name="java.awt.graphicsenv" value="sun.awt.CGraphicsEnvironment"/>
    <property name="surefire.real.class.path" value="/Users/hung.nguyen3/AutoAppium/IdeaProjects/KentAutoPR/KT/target/surefire/surefirebooter1963372986328197254.jar"/>
    <property name="sun.boot.class.path" value="/Library/Java/JavaVirtualMachines/jdk1.8.0_311.jdk/Contents/Home/jre/lib/resources.jar:/Library/Java/JavaVirtualMachines/jdk1.8.0_311.jdk/Contents/Home/jre/lib/rt.jar:/Library/Java/JavaVirtualMachines/jdk1.8.0_311.jdk/Contents/Home/jre/lib/sunrsasign.jar:/Library/Java/JavaVirtualMachines/jdk1.8.0_311.jdk/Contents/Home/jre/lib/jsse.jar:/Library/Java/JavaVirtualMachines/jdk1.8.0_311.jdk/Contents/Home/jre/lib/jce.jar:/Library/Java/JavaVirtualMachines/jdk1.8.0_311.jdk/Contents/Home/jre/lib/charsets.jar:/Library/Java/JavaVirtualMachines/jdk1.8.0_311.jdk/Contents/Home/jre/lib/jfr.jar:/Library/Java/JavaVirtualMachines/jdk1.8.0_311.jdk/Contents/Home/jre/classes"/>
    <property name="sun.management.compiler" value="HotSpot 64-Bit Tiered Compilers"/>
    <property name="ftp.nonProxyHosts" value="local|*.local|169.254/16|*.169.254/16"/>
    <property name="java.runtime.version" value="1.8.0_311-b11"/>
    <property name="user.name" value="hung.nguyen3"/>
    <property name="path.separator" value=":"/>
    <property name="os.version" value="10.16"/>
    <property name="java.endorsed.dirs" value="/Library/Java/JavaVirtualMachines/jdk1.8.0_311.jdk/Contents/Home/jre/lib/endorsed"/>
    <property name="java.runtime.name" value="Java(TM) SE Runtime Environment"/>
    <property name="file.encoding" value="UTF-8"/>
    <property name="java.vm.name" value="Java HotSpot(TM) 64-Bit Server VM"/>
    <property name="localRepository" value="/Users/hung.nguyen3/.m2/repository"/>
    <property name="java.vendor.url.bug" value="http://bugreport.sun.com/bugreport/"/>
    <property name="java.io.tmpdir" value="/var/folders/43/81w2qfns0lxbbtqmpfxkzfj40000gs/T/"/>
    <property name="java.version" value="1.8.0_311"/>
    <property name="user.dir" value="/Users/hung.nguyen3/AutoAppium/IdeaProjects/KentAutoPR/KT"/>
    <property name="os.arch" value="x86_64"/>
    <property name="java.vm.specification.name" value="Java Virtual Machine Specification"/>
    <property name="java.awt.printerjob" value="sun.lwawt.macosx.CPrinterJob"/>
    <property name="sun.os.patch.level" value="unknown"/>
    <property name="java.library.path" value="/Users/hung.nguyen3/Library/Java/Extensions:/Library/Java/Extensions:/Network/Library/Java/Extensions:/System/Library/Java/Extensions:/usr/lib/java:."/>
    <property name="java.vm.info" value="mixed mode"/>
    <property name="java.vendor" value="Oracle Corporation"/>
    <property name="java.vm.version" value="25.311-b11"/>
    <property name="java.ext.dirs" value="/Users/hung.nguyen3/Library/Java/Extensions:/Library/Java/JavaVirtualMachines/jdk1.8.0_311.jdk/Contents/Home/jre/lib/ext:/Library/Java/Extensions:/Network/Library/Java/Extensions:/System/Library/Java/Extensions:/usr/lib/java"/>
    <property name="sun.io.unicode.encoding" value="UnicodeBig"/>
    <property name="java.class.version" value="52.0"/>
    <property name="socksNonProxyHosts" value="local|*.local|169.254/16|*.169.254/16"/>
  </properties>
  <testcase name="runScenario[&quot;Check Demo Page screen&quot;, &quot;Optional[Check Demo screen]&quot;](1)" classname="testrunner.CMPlusWebTestRunner" time="15.303">
    <system-out><![CDATA[Start driver from xml test suite
DesiredCapabilities: headless: false
DesiredCapabilities: browserName: chrome
 
Local Operating System: MAC OS X
Local Architecture: x86_64
Selected Browser: chrome
Selected server: http://118.69.61.190:4445
 

@DemoTest
Scenario: Check Demo Page screen             # src/test/resources/features/DemoTest.feature:4
  When Open Demo Page screen                 # stepdefs.DemoDefinitions.<init>(DemoDefinitions.kt:13)
  Then Move to Demo page screen successfully # stepdefs.DemoDefinitions.<init>(DemoDefinitions.kt:16)
]]></system-out>
    <system-err><![CDATA[Aug 12, 2022 5:00:27 PM org.openqa.selenium.remote.ProtocolHandshake createSession
INFO: Detected dialect: W3C
]]></system-err>
  </testcase>
</testsuite>